<<<<<<< HEAD
﻿Build started 24/02/2016 16:42:38.
     1>Project "C:\Users\unum\Dropbox\Algorithm project\Algorithms\C++ Algorithms\heapsort\heapsort\heapsort.vcxproj" on node 2 (Build target(s)).
     1>ClCompile:
         C:\Program Files (x86)\Microsoft Visual Studio 12.0\VC\bin\CL.exe /c /ZI /nologo /W3 /WX- /Od /Oy- /D WIN32 /D _DEBUG /D _CONSOLE /D _LIB /D _UNICODE /D UNICODE /Gm /EHsc /RTC1 /MDd /GS /fp:precise /Zc:wchar_t /Zc:forScope /Fo"Debug\\" /Fd"Debug\vc120.pdb" /Gd /TP /analyze- /errorReport:prompt heapsort.cpp stdafx.cpp
         stdafx.cpp
         heapsort.cpp
         Generating Code...
       Link:
         C:\Program Files (x86)\Microsoft Visual Studio 12.0\VC\bin\link.exe /ERRORREPORT:PROMPT /OUT:"C:\Users\unum\Dropbox\Algorithm project\Algorithms\C++ Algorithms\heapsort\Debug\heapsort.exe" /INCREMENTAL /NOLOGO kernel32.lib user32.lib gdi32.lib winspool.lib comdlg32.lib advapi32.lib shell32.lib ole32.lib oleaut32.lib uuid.lib odbc32.lib odbccp32.lib /MANIFEST /MANIFESTUAC:"level='asInvoker' uiAccess='false'" /manifest:embed /DEBUG /PDB:"C:\Users\unum\Dropbox\Algorithm project\Algorithms\C++ Algorithms\heapsort\Debug\heapsort.pdb" /SUBSYSTEM:CONSOLE /TLBID:1 /DYNAMICBASE /NXCOMPAT /IMPLIB:"C:\Users\unum\Dropbox\Algorithm project\Algorithms\C++ Algorithms\heapsort\Debug\heapsort.lib" /MACHINE:X86 Debug\heapsort.obj
         Debug\stdafx.obj
         LINK : C:\Users\unum\Dropbox\Algorithm project\Algorithms\C++ Algorithms\heapsort\Debug\heapsort.exe not found or not built by the last incremental link; performing full link
         heapsort.vcxproj -> C:\Users\unum\Dropbox\Algorithm project\Algorithms\C++ Algorithms\heapsort\Debug\heapsort.exe
     1>Done Building Project "C:\Users\unum\Dropbox\Algorithm project\Algorithms\C++ Algorithms\heapsort\heapsort\heapsort.vcxproj" (Build target(s)).

Build succeeded.

Time Elapsed 00:00:08.86
=======
﻿Build started 24/02/2016 16:42:38.
     1>Project "C:\Users\unum\Dropbox\Algorithm project\Algorithms\C++ Algorithms\heapsort\heapsort\heapsort.vcxproj" on node 2 (Build target(s)).
     1>ClCompile:
         C:\Program Files (x86)\Microsoft Visual Studio 12.0\VC\bin\CL.exe /c /ZI /nologo /W3 /WX- /Od /Oy- /D WIN32 /D _DEBUG /D _CONSOLE /D _LIB /D _UNICODE /D UNICODE /Gm /EHsc /RTC1 /MDd /GS /fp:precise /Zc:wchar_t /Zc:forScope /Fo"Debug\\" /Fd"Debug\vc120.pdb" /Gd /TP /analyze- /errorReport:prompt heapsort.cpp stdafx.cpp
         stdafx.cpp
         heapsort.cpp
         Generating Code...
       Link:
         C:\Program Files (x86)\Microsoft Visual Studio 12.0\VC\bin\link.exe /ERRORREPORT:PROMPT /OUT:"C:\Users\unum\Dropbox\Algorithm project\Algorithms\C++ Algorithms\heapsort\Debug\heapsort.exe" /INCREMENTAL /NOLOGO kernel32.lib user32.lib gdi32.lib winspool.lib comdlg32.lib advapi32.lib shell32.lib ole32.lib oleaut32.lib uuid.lib odbc32.lib odbccp32.lib /MANIFEST /MANIFESTUAC:"level='asInvoker' uiAccess='false'" /manifest:embed /DEBUG /PDB:"C:\Users\unum\Dropbox\Algorithm project\Algorithms\C++ Algorithms\heapsort\Debug\heapsort.pdb" /SUBSYSTEM:CONSOLE /TLBID:1 /DYNAMICBASE /NXCOMPAT /IMPLIB:"C:\Users\unum\Dropbox\Algorithm project\Algorithms\C++ Algorithms\heapsort\Debug\heapsort.lib" /MACHINE:X86 Debug\heapsort.obj
         Debug\stdafx.obj
         LINK : C:\Users\unum\Dropbox\Algorithm project\Algorithms\C++ Algorithms\heapsort\Debug\heapsort.exe not found or not built by the last incremental link; performing full link
         heapsort.vcxproj -> C:\Users\unum\Dropbox\Algorithm project\Algorithms\C++ Algorithms\heapsort\Debug\heapsort.exe
     1>Done Building Project "C:\Users\unum\Dropbox\Algorithm project\Algorithms\C++ Algorithms\heapsort\heapsort\heapsort.vcxproj" (Build target(s)).

Build succeeded.

Time Elapsed 00:00:08.86
>>>>>>> origin/master
