<<<<<<< HEAD
﻿Build started 24/02/2016 11:22:06.
     1>Project "C:\Users\david\Dropbox\Algorithm project\Algorithms\C++ Algorithms\insertionsort\insertionsort\insertionsort.vcxproj" on node 2 (Build target(s)).
     1>ClCompile:
         C:\Program Files (x86)\Microsoft Visual Studio 12.0\VC\bin\CL.exe /c /ZI /nologo /W3 /WX- /Od /Oy- /D WIN32 /D _DEBUG /D _CONSOLE /D _LIB /D _UNICODE /D UNICODE /Gm /EHsc /RTC1 /MDd /GS /fp:precise /Zc:wchar_t /Zc:forScope /Fo"Debug\\" /Fd"Debug\vc120.pdb" /Gd /TP /analyze- /errorReport:prompt insertionsort.cpp
         insertionsort.cpp
       Link:
         C:\Program Files (x86)\Microsoft Visual Studio 12.0\VC\bin\link.exe /ERRORREPORT:PROMPT /OUT:"C:\Users\david\Dropbox\Algorithm project\Algorithms\C++ Algorithms\insertionsort\Debug\insertionsort.exe" /INCREMENTAL /NOLOGO kernel32.lib user32.lib gdi32.lib winspool.lib comdlg32.lib advapi32.lib shell32.lib ole32.lib oleaut32.lib uuid.lib odbc32.lib odbccp32.lib /MANIFEST /MANIFESTUAC:"level='asInvoker' uiAccess='false'" /manifest:embed /DEBUG /PDB:"C:\Users\david\Dropbox\Algorithm project\Algorithms\C++ Algorithms\insertionsort\Debug\insertionsort.pdb" /SUBSYSTEM:CONSOLE /TLBID:1 /DYNAMICBASE /NXCOMPAT /IMPLIB:"C:\Users\david\Dropbox\Algorithm project\Algorithms\C++ Algorithms\insertionsort\Debug\insertionsort.lib" /MACHINE:X86 Debug\insertionsort.obj
         Debug\stdafx.obj
         insertionsort.vcxproj -> C:\Users\david\Dropbox\Algorithm project\Algorithms\C++ Algorithms\insertionsort\Debug\insertionsort.exe
     1>Done Building Project "C:\Users\david\Dropbox\Algorithm project\Algorithms\C++ Algorithms\insertionsort\insertionsort\insertionsort.vcxproj" (Build target(s)).

Build succeeded.

Time Elapsed 00:00:01.49
=======
﻿Build started 24/02/2016 11:22:06.
     1>Project "C:\Users\david\Dropbox\Algorithm project\Algorithms\C++ Algorithms\insertionsort\insertionsort\insertionsort.vcxproj" on node 2 (Build target(s)).
     1>ClCompile:
         C:\Program Files (x86)\Microsoft Visual Studio 12.0\VC\bin\CL.exe /c /ZI /nologo /W3 /WX- /Od /Oy- /D WIN32 /D _DEBUG /D _CONSOLE /D _LIB /D _UNICODE /D UNICODE /Gm /EHsc /RTC1 /MDd /GS /fp:precise /Zc:wchar_t /Zc:forScope /Fo"Debug\\" /Fd"Debug\vc120.pdb" /Gd /TP /analyze- /errorReport:prompt insertionsort.cpp
         insertionsort.cpp
       Link:
         C:\Program Files (x86)\Microsoft Visual Studio 12.0\VC\bin\link.exe /ERRORREPORT:PROMPT /OUT:"C:\Users\david\Dropbox\Algorithm project\Algorithms\C++ Algorithms\insertionsort\Debug\insertionsort.exe" /INCREMENTAL /NOLOGO kernel32.lib user32.lib gdi32.lib winspool.lib comdlg32.lib advapi32.lib shell32.lib ole32.lib oleaut32.lib uuid.lib odbc32.lib odbccp32.lib /MANIFEST /MANIFESTUAC:"level='asInvoker' uiAccess='false'" /manifest:embed /DEBUG /PDB:"C:\Users\david\Dropbox\Algorithm project\Algorithms\C++ Algorithms\insertionsort\Debug\insertionsort.pdb" /SUBSYSTEM:CONSOLE /TLBID:1 /DYNAMICBASE /NXCOMPAT /IMPLIB:"C:\Users\david\Dropbox\Algorithm project\Algorithms\C++ Algorithms\insertionsort\Debug\insertionsort.lib" /MACHINE:X86 Debug\insertionsort.obj
         Debug\stdafx.obj
         insertionsort.vcxproj -> C:\Users\david\Dropbox\Algorithm project\Algorithms\C++ Algorithms\insertionsort\Debug\insertionsort.exe
     1>Done Building Project "C:\Users\david\Dropbox\Algorithm project\Algorithms\C++ Algorithms\insertionsort\insertionsort\insertionsort.vcxproj" (Build target(s)).

Build succeeded.

Time Elapsed 00:00:01.49
>>>>>>> origin/master
